#
# There is insufficient memory for the Java Runtime Environment to continue.
# Native memory allocation (malloc) failed to allocate 1222416 bytes for Chunk::new
# Possible reasons:
#   The system is out of physical RAM or swap space
#   The process is running with CompressedOops enabled, and the Java Heap may be blocking the growth of the native heap
# Possible solutions:
#   Reduce memory load on the system
#   Increase physical memory or swap space
#   Check if swap backing store is full
#   Decrease Java heap size (-Xmx/-Xms)
#   Decrease number of Java threads
#   Decrease Java thread stack sizes (-Xss)
#   Set larger code cache with -XX:ReservedCodeCacheSize=
#   JVM is running with Zero Based Compressed Oops mode in which the Java heap is
#     placed in the first 32GB address space. The Java Heap base address is the
#     maximum limit for the native heap growth. Please use -XX:HeapBaseMinAddress
#     to set the Java Heap base and to place the Java Heap above 32GB virtual address.
# This output file may be truncated or incomplete.
#
#  Out of Memory Error (t:/workspace/open/src/hotspot/share/memory/arena.cpp:197), pid=20920, tid=6816
#
# JRE version: OpenJDK Runtime Environment (11.0.2+9) (build 11.0.2+9)
# Java VM: OpenJDK 64-Bit Server VM (11.0.2+9, mixed mode, tiered, compressed oops, g1 gc, windows-amd64)
# No core dump will be written. Minidumps are not enabled by default on client versions of Windows
#

---------------  S U M M A R Y ------------

Command Line: -XX:MaxGCPauseMillis=50 -agentlib:jdwp=transport=dt_shmem,address=javadebug -Dfile.encoding=UTF-8 bluej.runtime.ExecServer UTF-8

Host: AMD FX(tm)-6300 Six-Core Processor             , 6 cores, 11G,  Windows 10 , 64 bit Build 18362 (10.0.18362.1316)
Time: Mon Jan 25 16:15:16 2021 GTB, ora standard elapsed time: 3397 seconds (0d 0h 56m 37s)

---------------  T H R E A D  ---------------

Current thread (0x00000238fface800):  JavaThread "C2 CompilerThread0" daemon [_thread_in_native, id=6816, stack(0x000000757bc00000,0x000000757bd00000)]


Current CompileTask:
C2:3397589 2628       4       greenfoot.vmcomm.VMCommsSimulation::readCommands (672 bytes)

Stack: [0x000000757bc00000,0x000000757bd00000]
Native frames: (J=compiled Java code, j=interpreted, Vv=VM code, C=native code)
V  [jvm.dll+0x63489a]
V  [jvm.dll+0x771f9f]
V  [jvm.dll+0x773648]
V  [jvm.dll+0x773d03]
V  [jvm.dll+0x25eba8]
V  [jvm.dll+0xc2191]
V  [jvm.dll+0xc271c]
V  [jvm.dll+0x36cc02]
V  [jvm.dll+0x339b13]
V  [jvm.dll+0x338eea]
V  [jvm.dll+0x2189c5]
V  [jvm.dll+0x217b6a]
V  [jvm.dll+0x194370]
V  [jvm.dll+0x226b3f]
V  [jvm.dll+0x225148]
V  [jvm.dll+0x73774d]
V  [jvm.dll+0x633942]
C  [ucrtbase.dll+0x210b2]
C  [KERNEL32.DLL+0x17c24]
C  [ntdll.dll+0x6d4d1]


---------------  P R O C E S S  ---------------

Threads class SMR info:
_java_thread_list=0x00000238857df0a0, length=23, elements={
0x00000238ffa61800, 0x00000238ffa6c800, 0x00000238ffac6800, 0x00000238ffac7800,
0x00000238fface800, 0x00000238ffad3000, 0x00000238ffadd000, 0x00000238ffc45000,
0x00000238ffc79000, 0x00000238ffc7a800, 0x00000238ffc89000, 0x00000238ffc97000,
0x000002388531d800, 0x0000023885315800, 0x0000023885311800, 0x00000238e2b16000,
0x00000238856cd800, 0x0000023886c0c000, 0x0000023886508800, 0x0000023886bf5000,
0x0000023886bf6800, 0x0000023886bf7800, 0x0000023886bf8000
}

Java Threads: ( => current thread )
  0x00000238ffa61800 JavaThread "Reference Handler" daemon [_thread_blocked, id=8688, stack(0x000000757b800000,0x000000757b900000)]
  0x00000238ffa6c800 JavaThread "Finalizer" daemon [_thread_blocked, id=8768, stack(0x000000757b900000,0x000000757ba00000)]
  0x00000238ffac6800 JavaThread "Signal Dispatcher" daemon [_thread_blocked, id=10272, stack(0x000000757ba00000,0x000000757bb00000)]
  0x00000238ffac7800 JavaThread "Attach Listener" daemon [_thread_blocked, id=7572, stack(0x000000757bb00000,0x000000757bc00000)]
=>0x00000238fface800 JavaThread "C2 CompilerThread0" daemon [_thread_in_native, id=6816, stack(0x000000757bc00000,0x000000757bd00000)]
  0x00000238ffad3000 JavaThread "C1 CompilerThread0" daemon [_thread_blocked, id=21432, stack(0x000000757bd00000,0x000000757be00000)]
  0x00000238ffadd000 JavaThread "Sweeper thread" daemon [_thread_blocked, id=22192, stack(0x000000757be00000,0x000000757bf00000)]
  0x00000238ffc45000 JavaThread "JDWP Transport Listener: dt_shmem" daemon [_thread_blocked, id=9884, stack(0x000000757bf00000,0x000000757c000000)]
  0x00000238ffc79000 JavaThread "JDWP Event Helper Thread" daemon [_thread_blocked, id=13996, stack(0x000000757c000000,0x000000757c100000)]
  0x00000238ffc7a800 JavaThread "JDWP Command Reader" daemon [_thread_in_native, id=5720, stack(0x000000757c100000,0x000000757c200000)]
  0x00000238ffc89000 JavaThread "Service Thread" daemon [_thread_blocked, id=16292, stack(0x000000757c200000,0x000000757c300000)]
  0x00000238ffc97000 JavaThread "Common-Cleaner" daemon [_thread_blocked, id=13820, stack(0x000000757c400000,0x000000757c500000)]
  0x000002388531d800 JavaThread "Java2D Disposer" daemon [_thread_blocked, id=11792, stack(0x000000757c500000,0x000000757c600000)]
  0x0000023885315800 JavaThread "AWT-Windows" daemon [_thread_in_native, id=11480, stack(0x000000757c700000,0x000000757c800000)]
  0x0000023885311800 JavaThread "BlueJ worker thread" [_thread_blocked, id=17688, stack(0x000000757c900000,0x000000757ca00000)]
  0x00000238e2b16000 JavaThread "DestroyJavaVM" [_thread_blocked, id=21608, stack(0x000000757b100000,0x000000757b200000)]
  0x00000238856cd800 JavaThread "QuantumRenderer-0" daemon [_thread_blocked, id=12240, stack(0x000000757d900000,0x000000757da00000)]
  0x0000023886c0c000 JavaThread "InvokeLaterDispatcher" daemon [_thread_blocked, id=11928, stack(0x000000757da00000,0x000000757db00000)]
  0x0000023886508800 JavaThread "JavaFX Application Thread" [_thread_in_native, id=7436, stack(0x000000757db00000,0x000000757dc00000)]
  0x0000023886bf5000 JavaThread "Thread-4" [_thread_in_native, id=21064, stack(0x000000757e000000,0x000000757e100000)]
  0x0000023886bf6800 JavaThread "Thread-6" daemon [_thread_in_native, id=16416, stack(0x000000757c800000,0x000000757c900000)]
  0x0000023886bf7800 JavaThread "SimulationThread" [_thread_blocked, id=7040, stack(0x000000757d700000,0x000000757d800000)]
  0x0000023886bf8000 JavaThread "main" [_thread_blocked, id=1200, stack(0x000000757b000000,0x000000757b100000)]

Other Threads:
  0x00000238ff237800 VMThread "VM Thread" [stack: 0x000000757b700000,0x000000757b800000] [id=20728]
  0x00000238ffc8a000 WatcherThread [stack: 0x000000757c300000,0x000000757c400000] [id=21036]
  0x00000238e2b2c000 GCTaskThread "GC Thread#0" [stack: 0x000000757b200000,0x000000757b300000] [id=14232]
  0x00000238863a7800 GCTaskThread "GC Thread#1" [stack: 0x000000757d200000,0x000000757d300000] [id=11884]
  0x00000238863a8800 GCTaskThread "GC Thread#2" [stack: 0x000000757d300000,0x000000757d400000] [id=9128]
  0x00000238863a9000 GCTaskThread "GC Thread#3" [stack: 0x000000757d400000,0x000000757d500000] [id=368]
  0x00000238863b9800 GCTaskThread "GC Thread#4" [stack: 0x000000757d500000,0x000000757d600000] [id=11820]
  0x0000023886391000 GCTaskThread "GC Thread#5" [stack: 0x000000757d600000,0x000000757d700000] [id=17488]
  0x00000238e2b73800 ConcurrentGCThread "G1 Main Marker" [stack: 0x000000757b300000,0x000000757b400000] [id=21812]
  0x00000238e2b77800 ConcurrentGCThread "G1 Conc#0" [stack: 0x000000757b400000,0x000000757b500000] [id=7516]
  0x0000023886507800 ConcurrentGCThread "G1 Conc#1" [stack: 0x000000757e300000,0x000000757e400000] [id=17652]
  0x00000238e2bee800 ConcurrentGCThread "G1 Refine#0" [stack: 0x000000757b500000,0x000000757b600000] [id=13180]
  0x00000238ff0a0000 ConcurrentGCThread "G1 Young RemSet Sampling" [stack: 0x000000757b600000,0x000000757b700000] [id=7228]

Threads with active compile tasks:
C2 CompilerThread02628       4       greenfoot.vmcomm.VMCommsSimulation::readCommands (672 bytes)

VM state:not at safepoint (normal execution)

VM Mutex/Monitor currently owned by a thread: None

Heap address: 0x0000000740400000, size: 3068 MB, Compressed Oops mode: Zero based, Oop shift amount: 3
Narrow klass base: 0x0000000800000000, Narrow klass shift: 0
Compressed class space size: 1073741824 Address: 0x0000000800000000

Heap:
 garbage-first heap   total 219136K, used 70282K [0x0000000740400000, 0x0000000800000000)
  region size 1024K, 1 young (1024K), 0 survivors (0K)
 Metaspace       used 18947K, capacity 19864K, committed 20864K, reserved 1067008K
  class space    used 1870K, capacity 2342K, committed 2688K, reserved 1048576K
Heap Regions: E=young(eden), S=young(survivor), O=old, HS=humongous(starts), HC=humongous(continues), CS=collection set, F=free, A=archive, TAMS=top-at-mark-start (previous, next)
|   0|0x0000000740400000, 0x00000007404fffd0, 0x0000000740500000| 99%| O|  |TAMS 0x0000000740400000, 0x0000000740400000| Untracked 
|   1|0x0000000740500000, 0x00000007405fe4e8, 0x0000000740600000| 99%| O|  |TAMS 0x0000000740500000, 0x0000000740500000| Untracked 
|   2|0x0000000740600000, 0x00000007406ffff8, 0x0000000740700000| 99%| O|  |TAMS 0x0000000740600000, 0x0000000740600000| Untracked 
|   3|0x0000000740700000, 0x0000000740800000, 0x0000000740800000|100%|HS|  |TAMS 0x0000000740700000, 0x0000000740700000| Untracked 
|   4|0x0000000740800000, 0x0000000740900000, 0x0000000740900000|100%|HC|  |TAMS 0x0000000740800000, 0x0000000740800000| Untracked 
|   5|0x0000000740900000, 0x0000000740a00000, 0x0000000740a00000|100%|HC|  |TAMS 0x0000000740900000, 0x0000000740900000| Untracked 
|   6|0x0000000740a00000, 0x0000000740afffa0, 0x0000000740b00000| 99%| O|  |TAMS 0x0000000740a00000, 0x0000000740a00000| Untracked 
|   7|0x0000000740b00000, 0x0000000740c00000, 0x0000000740c00000|100%|HS|  |TAMS 0x0000000740b00000, 0x0000000740b00000| Untracked 
|   8|0x0000000740c00000, 0x0000000740d00000, 0x0000000740d00000|100%|HC|  |TAMS 0x0000000740c00000, 0x0000000740c00000| Untracked 
|   9|0x0000000740d00000, 0x0000000740e00000, 0x0000000740e00000|100%|HC|  |TAMS 0x0000000740d00000, 0x0000000740d00000| Untracked 
|  10|0x0000000740e00000, 0x0000000740f00000, 0x0000000740f00000|100%|HS|  |TAMS 0x0000000740e00000, 0x0000000740e00000| Untracked 
|  11|0x0000000740f00000, 0x0000000741000000, 0x0000000741000000|100%|HC|  |TAMS 0x0000000740f00000, 0x0000000740f00000| Untracked 
|  12|0x0000000741000000, 0x0000000741100000, 0x0000000741100000|100%|HC|  |TAMS 0x0000000741000000, 0x0000000741000000| Untracked 
|  13|0x0000000741100000, 0x00000007411ffff8, 0x0000000741200000| 99%| O|  |TAMS 0x0000000741100000, 0x0000000741100000| Untracked 
|  14|0x0000000741200000, 0x00000007412ffff8, 0x0000000741300000| 99%| O|  |TAMS 0x0000000741200000, 0x0000000741200000| Untracked 
|  15|0x0000000741300000, 0x0000000741400000, 0x0000000741400000|100%| O|  |TAMS 0x0000000741300000, 0x0000000741300000| Untracked 
|  16|0x0000000741400000, 0x0000000741500000, 0x0000000741500000|100%|HS|  |TAMS 0x0000000741400000, 0x0000000741400000| Untracked 
|  17|0x0000000741500000, 0x0000000741600000, 0x0000000741600000|100%|HC|  |TAMS 0x0000000741500000, 0x0000000741500000| Untracked 
|  18|0x0000000741600000, 0x0000000741700000, 0x0000000741700000|100%|HC|  |TAMS 0x0000000741600000, 0x0000000741600000| Untracked 
|  19|0x0000000741700000, 0x0000000741800000, 0x0000000741800000|100%|HS|  |TAMS 0x0000000741700000, 0x0000000741700000| Untracked 
|  20|0x0000000741800000, 0x0000000741900000, 0x0000000741900000|100%|HC|  |TAMS 0x0000000741800000, 0x0000000741800000| Untracked 
|  21|0x0000000741900000, 0x0000000741a00000, 0x0000000741a00000|100%|HC|  |TAMS 0x0000000741900000, 0x0000000741900000| Untracked 
|  22|0x0000000741a00000, 0x0000000741b00000, 0x0000000741b00000|100%|HS|  |TAMS 0x0000000741a00000, 0x0000000741a00000| Untracked 
|  23|0x0000000741b00000, 0x0000000741c00000, 0x0000000741c00000|100%|HC|  |TAMS 0x0000000741b00000, 0x0000000741b00000| Untracked 
|  24|0x0000000741c00000, 0x0000000741d00000, 0x0000000741d00000|100%|HC|  |TAMS 0x0000000741c00000, 0x0000000741c00000| Untracked 
|  25|0x0000000741d00000, 0x0000000741e00000, 0x0000000741e00000|100%|HS|  |TAMS 0x0000000741d00000, 0x0000000741d00000| Untracked 
|  26|0x0000000741e00000, 0x0000000741f00000, 0x0000000741f00000|100%|HC|  |TAMS 0x0000000741e00000, 0x0000000741e00000| Untracked 
|  27|0x0000000741f00000, 0x0000000742000000, 0x0000000742000000|100%|HC|  |TAMS 0x0000000741f00000, 0x0000000741f00000| Untracked 
|  28|0x0000000742000000, 0x0000000742100000, 0x0000000742100000|100%|HS|  |TAMS 0x0000000742000000, 0x0000000742000000| Untracked 
|  29|0x0000000742100000, 0x0000000742200000, 0x0000000742200000|100%|HC|  |TAMS 0x0000000742100000, 0x0000000742100000| Untracked 
|  30|0x0000000742200000, 0x0000000742300000, 0x0000000742300000|100%|HC|  |TAMS 0x0000000742200000, 0x0000000742200000| Untracked 
|  31|0x0000000742300000, 0x00000007423a4398, 0x0000000742400000| 64%| O|  |TAMS 0x0000000742300000, 0x0000000742300000| Untracked 
|  32|0x0000000742400000, 0x0000000742500000, 0x0000000742500000|100%|HS|  |TAMS 0x0000000742400000, 0x0000000742400000| Untracked 
|  33|0x0000000742500000, 0x0000000742600000, 0x0000000742600000|100%|HC|  |TAMS 0x0000000742500000, 0x0000000742500000| Untracked 
|  34|0x0000000742600000, 0x0000000742700000, 0x0000000742700000|100%|HC|  |TAMS 0x0000000742600000, 0x0000000742600000| Untracked 
|  35|0x0000000742700000, 0x0000000742800000, 0x0000000742800000|100%|HS|  |TAMS 0x0000000742700000, 0x0000000742700000| Untracked 
|  36|0x0000000742800000, 0x0000000742900000, 0x0000000742900000|100%|HC|  |TAMS 0x0000000742800000, 0x0000000742800000| Untracked 
|  37|0x0000000742900000, 0x0000000742a00000, 0x0000000742a00000|100%|HC|  |TAMS 0x0000000742900000, 0x0000000742900000| Untracked 
|  38|0x0000000742a00000, 0x0000000742a00190, 0x0000000742b00000|  0%| O|  |TAMS 0x0000000742a00000, 0x0000000742a00000| Untracked 
|  39|0x0000000742b00000, 0x0000000742b00000, 0x0000000742c00000|  0%| F|  |TAMS 0x0000000742b00000, 0x0000000742b00000| Untracked 
|  40|0x0000000742c00000, 0x0000000742c00000, 0x0000000742d00000|  0%| F|  |TAMS 0x0000000742c00000, 0x0000000742c00000| Untracked 
|  41|0x0000000742d00000, 0x0000000742e00000, 0x0000000742e00000|100%|HS|  |TAMS 0x0000000742d00000, 0x0000000742d00000| Untracked 
|  42|0x0000000742e00000, 0x0000000742f00000, 0x0000000742f00000|100%|HC|  |TAMS 0x0000000742e00000, 0x0000000742e00000| Untracked 
|  43|0x0000000742f00000, 0x0000000743000000, 0x0000000743000000|100%|HC|  |TAMS 0x0000000742f00000, 0x0000000742f00000| Untracked 
|  44|0x0000000743000000, 0x0000000743100000, 0x0000000743100000|100%|HS|  |TAMS 0x0000000743000000, 0x0000000743000000| Untracked 
|  45|0x0000000743100000, 0x0000000743200000, 0x0000000743200000|100%|HC|  |TAMS 0x0000000743100000, 0x0000000743100000| Untracked 
|  46|0x0000000743200000, 0x0000000743300000, 0x0000000743300000|100%|HS|  |TAMS 0x0000000743200000, 0x0000000743200000| Untracked 
|  47|0x0000000743300000, 0x0000000743400000, 0x0000000743400000|100%|HC|  |TAMS 0x0000000743300000, 0x0000000743300000| Untracked 
|  48|0x0000000743400000, 0x0000000743500000, 0x0000000743500000|100%|HS|  |TAMS 0x0000000743400000, 0x0000000743400000| Untracked 
|  49|0x0000000743500000, 0x0000000743600000, 0x0000000743600000|100%|HC|  |TAMS 0x0000000743500000, 0x0000000743500000| Untracked 
|  50|0x0000000743600000, 0x0000000743700000, 0x0000000743700000|100%|HC|  |TAMS 0x0000000743600000, 0x0000000743600000| Untracked 
|  51|0x0000000743700000, 0x0000000743800000, 0x0000000743800000|100%|HS|  |TAMS 0x0000000743700000, 0x0000000743700000| Untracked 
|  52|0x0000000743800000, 0x0000000743900000, 0x0000000743900000|100%|HC|  |TAMS 0x0000000743800000, 0x0000000743800000| Untracked 
|  53|0x0000000743900000, 0x0000000743a00000, 0x0000000743a00000|100%|HC|  |TAMS 0x0000000743900000, 0x0000000743900000| Untracked 
|  54|0x0000000743a00000, 0x0000000743b00000, 0x0000000743b00000|100%|HS|  |TAMS 0x0000000743a00000, 0x0000000743a00000| Untracked 
|  55|0x0000000743b00000, 0x0000000743c00000, 0x0000000743c00000|100%|HC|  |TAMS 0x0000000743b00000, 0x0000000743b00000| Untracked 
|  56|0x0000000743c00000, 0x0000000743d00000, 0x0000000743d00000|100%|HC|  |TAMS 0x0000000743c00000, 0x0000000743c00000| Untracked 
|  57|0x0000000743d00000, 0x0000000743e00000, 0x0000000743e00000|100%|HS|  |TAMS 0x0000000743d00000, 0x0000000743d00000| Complete 
|  58|0x0000000743e00000, 0x0000000743f00000, 0x0000000743f00000|100%|HC|  |TAMS 0x0000000743e00000, 0x0000000743e00000| Complete 
|  59|0x0000000743f00000, 0x0000000744000000, 0x0000000744000000|100%|HC|  |TAMS 0x0000000743f00000, 0x0000000743f00000| Complete 
|  60|0x0000000744000000, 0x0000000744000000, 0x0000000744100000|  0%| F|  |TAMS 0x0000000744000000, 0x0000000744000000| Untracked 
|  61|0x0000000744100000, 0x0000000744100000, 0x0000000744200000|  0%| F|  |TAMS 0x0000000744100000, 0x0000000744100000| Untracked 
|  62|0x0000000744200000, 0x0000000744200000, 0x0000000744300000|  0%| F|  |TAMS 0x0000000744200000, 0x0000000744200000| Untracked 
|  63|0x0000000744300000, 0x0000000744400000, 0x0000000744400000|100%|HS|  |TAMS 0x0000000744300000, 0x0000000744300000| Untracked 
|  64|0x0000000744400000, 0x0000000744500000, 0x0000000744500000|100%|HC|  |TAMS 0x0000000744400000, 0x0000000744400000| Untracked 
|  65|0x0000000744500000, 0x0000000744600000, 0x0000000744600000|100%|HC|  |TAMS 0x0000000744500000, 0x0000000744500000| Untracked 
|  66|0x0000000744600000, 0x0000000744600000, 0x0000000744700000|  0%| F|  |TAMS 0x0000000744600000, 0x0000000744600000| Untracked 
|  67|0x0000000744700000, 0x0000000744700000, 0x0000000744800000|  0%| F|  |TAMS 0x0000000744700000, 0x0000000744700000| Untracked 
|  68|0x0000000744800000, 0x0000000744800000, 0x0000000744900000|  0%| F|  |TAMS 0x0000000744800000, 0x0000000744800000| Untracked 
|  69|0x0000000744900000, 0x0000000744900000, 0x0000000744a00000|  0%| F|  |TAMS 0x0000000744900000, 0x0000000744900000| Untracked 
|  70|0x0000000744a00000, 0x0000000744a00000, 0x0000000744b00000|  0%| F|  |TAMS 0x0000000744a00000, 0x0000000744a00000| Untracked 
|  71|0x0000000744b00000, 0x0000000744c00000, 0x0000000744c00000|100%|HS|  |TAMS 0x0000000744b00000, 0x0000000744b00000| Untracked 
|  72|0x0000000744c00000, 0x0000000744d00000, 0x0000000744d00000|100%|HC|  |TAMS 0x0000000744c00000, 0x0000000744c00000| Untracked 
|  73|0x0000000744d00000, 0x0000000744e00000, 0x0000000744e00000|100%|HC|  |TAMS 0x0000000744d00000, 0x0000000744d00000| Untracked 
|  74|0x0000000744e00000, 0x0000000744e00000, 0x0000000744f00000|  0%| F|  |TAMS 0x0000000744e00000, 0x0000000744e00000| Untracked 
|  75|0x0000000744f00000, 0x0000000744f00000, 0x0000000745000000|  0%| F|  |TAMS 0x0000000744f00000, 0x0000000744f00000| Untracked 
|  76|0x0000000745000000, 0x0000000745000000, 0x0000000745100000|  0%| F|  |TAMS 0x0000000745000000, 0x0000000745000000| Untracked 
|  77|0x0000000745100000, 0x0000000745100000, 0x0000000745200000|  0%| F|  |TAMS 0x0000000745100000, 0x0000000745100000| Untracked 
|  78|0x0000000745200000, 0x0000000745300000, 0x0000000745300000|100%|HS|  |TAMS 0x0000000745200000, 0x0000000745200000| Untracked 
|  79|0x0000000745300000, 0x0000000745400000, 0x0000000745400000|100%|HC|  |TAMS 0x0000000745300000, 0x0000000745300000| Untracked 
|  80|0x0000000745400000, 0x0000000745500000, 0x0000000745500000|100%|HC|  |TAMS 0x0000000745400000, 0x0000000745400000| Untracked 
|  81|0x0000000745500000, 0x0000000745500000, 0x0000000745600000|  0%| F|  |TAMS 0x0000000745500000, 0x0000000745500000| Untracked 
|  82|0x0000000745600000, 0x0000000745600000, 0x0000000745700000|  0%| F|  |TAMS 0x0000000745600000, 0x0000000745600000| Untracked 
|  83|0x0000000745700000, 0x0000000745700000, 0x0000000745800000|  0%| F|  |TAMS 0x0000000745700000, 0x0000000745700000| Untracked 
|  84|0x0000000745800000, 0x0000000745800000, 0x0000000745900000|  0%| F|  |TAMS 0x0000000745800000, 0x0000000745800000| Untracked 
|  85|0x0000000745900000, 0x0000000745900000, 0x0000000745a00000|  0%| F|  |TAMS 0x0000000745900000, 0x0000000745900000| Untracked 
|  86|0x0000000745a00000, 0x0000000745a00000, 0x0000000745b00000|  0%| F|  |TAMS 0x0000000745a00000, 0x0000000745a00000| Untracked 
|  87|0x0000000745b00000, 0x0000000745b00000, 0x0000000745c00000|  0%| F|  |TAMS 0x0000000745b00000, 0x0000000745b00000| Untracked 
|  88|0x0000000745c00000, 0x0000000745c00000, 0x0000000745d00000|  0%| F|  |TAMS 0x0000000745c00000, 0x0000000745c00000| Untracked 
|  89|0x0000000745d00000, 0x0000000745d00000, 0x0000000745e00000|  0%| F|  |TAMS 0x0000000745d00000, 0x0000000745d00000| Untracked 
|  90|0x0000000745e00000, 0x0000000745f00000, 0x0000000745f00000|100%|HS|  |TAMS 0x0000000745e00000, 0x0000000745e00000| Untracked 
|  91|0x0000000745f00000, 0x0000000746000000, 0x0000000746000000|100%|HC|  |TAMS 0x0000000745f00000, 0x0000000745f00000| Untracked 
|  92|0x0000000746000000, 0x0000000746100000, 0x0000000746100000|100%|HC|  |TAMS 0x0000000746000000, 0x0000000746000000| Untracked 
|  93|0x0000000746100000, 0x0000000746100000, 0x0000000746200000|  0%| F|  |TAMS 0x0000000746100000, 0x0000000746100000| Untracked 
|  94|0x0000000746200000, 0x0000000746200000, 0x0000000746300000|  0%| F|  |TAMS 0x0000000746200000, 0x0000000746200000| Untracked 
|  95|0x0000000746300000, 0x0000000746300000, 0x0000000746400000|  0%| F|  |TAMS 0x0000000746300000, 0x0000000746300000| Untracked 
|  96|0x0000000746400000, 0x0000000746400000, 0x0000000746500000|  0%| F|  |TAMS 0x0000000746400000, 0x0000000746400000| Untracked 
|  97|0x0000000746500000, 0x0000000746500000, 0x0000000746600000|  0%| F|  |TAMS 0x0000000746500000, 0x0000000746500000| Untracked 
|  98|0x0000000746600000, 0x0000000746600000, 0x0000000746700000|  0%| F|  |TAMS 0x0000000746600000, 0x0000000746600000| Untracked 
|  99|0x0000000746700000, 0x0000000746700000, 0x0000000746800000|  0%| F|  |TAMS 0x0000000746700000, 0x0000000746700000| Untracked 
| 100|0x0000000746800000, 0x0000000746800000, 0x0000000746900000|  0%| F|  |TAMS 0x0000000746800000, 0x0000000746800000| Untracked 
| 101|0x0000000746900000, 0x0000000746900000, 0x0000000746a00000|  0%| F|  |TAMS 0x0000000746900000, 0x0000000746900000| Untracked 
| 102|0x0000000746a00000, 0x0000000746a00000, 0x0000000746b00000|  0%| F|  |TAMS 0x0000000746a00000, 0x0000000746a00000| Untracked 
| 103|0x0000000746b00000, 0x0000000746b00000, 0x0000000746c00000|  0%| F|  |TAMS 0x0000000746b00000, 0x0000000746b00000| Untracked 
| 104|0x0000000746c00000, 0x0000000746c00000, 0x0000000746d00000|  0%| F|  |TAMS 0x0000000746c00000, 0x0000000746c00000| Untracked 
| 105|0x0000000746d00000, 0x0000000746d00000, 0x0000000746e00000|  0%| F|  |TAMS 0x0000000746d00000, 0x0000000746d00000| Untracked 
| 106|0x0000000746e00000, 0x0000000746e00000, 0x0000000746f00000|  0%| F|  |TAMS 0x0000000746e00000, 0x0000000746e00000| Untracked 
| 107|0x0000000746f00000, 0x0000000746f00000, 0x0000000747000000|  0%| F|  |TAMS 0x0000000746f00000, 0x0000000746f00000| Untracked 
| 108|0x0000000747000000, 0x0000000747000000, 0x0000000747100000|  0%| F|  |TAMS 0x0000000747000000, 0x0000000747000000| Untracked 
| 109|0x0000000747100000, 0x0000000747100000, 0x0000000747200000|  0%| F|  |TAMS 0x0000000747100000, 0x0000000747100000| Untracked 
| 110|0x0000000747200000, 0x0000000747200000, 0x0000000747300000|  0%| F|  |TAMS 0x0000000747200000, 0x0000000747200000| Untracked 
| 111|0x0000000747300000, 0x0000000747300000, 0x0000000747400000|  0%| F|  |TAMS 0x0000000747300000, 0x0000000747300000| Untracked 
| 112|0x0000000747400000, 0x0000000747400000, 0x0000000747500000|  0%| F|  |TAMS 0x0000000747400000, 0x0000000747400000| Untracked 
| 113|0x0000000747500000, 0x0000000747500000, 0x0000000747600000|  0%| F|  |TAMS 0x0000000747500000, 0x0000000747500000| Untracked 
| 114|0x0000000747600000, 0x0000000747600000, 0x0000000747700000|  0%| F|  |TAMS 0x0000000747600000, 0x0000000747600000| Untracked 
| 115|0x0000000747700000, 0x0000000747700000, 0x0000000747800000|  0%| F|  |TAMS 0x0000000747700000, 0x0000000747700000| Untracked 
| 116|0x0000000747800000, 0x0000000747800000, 0x0000000747900000|  0%| F|  |TAMS 0x0000000747800000, 0x0000000747800000| Untracked 
| 117|0x0000000747900000, 0x0000000747900000, 0x0000000747a00000|  0%| F|  |TAMS 0x0000000747900000, 0x0000000747900000| Untracked 
| 118|0x0000000747a00000, 0x0000000747a00000, 0x0000000747b00000|  0%| F|  |TAMS 0x0000000747a00000, 0x0000000747a00000| Untracked 
| 119|0x0000000747b00000, 0x0000000747b00000, 0x0000000747c00000|  0%| F|  |TAMS 0x0000000747b00000, 0x0000000747b00000| Untracked 
| 120|0x0000000747c00000, 0x0000000747c00000, 0x0000000747d00000|  0%| F|  |TAMS 0x0000000747c00000, 0x0000000747c00000| Untracked 
| 121|0x0000000747d00000, 0x0000000747d00000, 0x0000000747e00000|  0%| F|  |TAMS 0x0000000747d00000, 0x0000000747d00000| Untracked 
| 122|0x0000000747e00000, 0x0000000747e00000, 0x0000000747f00000|  0%| F|  |TAMS 0x0000000747e00000, 0x0000000747e00000| Untracked 
| 123|0x0000000747f00000, 0x0000000747f00000, 0x0000000748000000|  0%| F|  |TAMS 0x0000000747f00000, 0x0000000747f00000| Untracked 
| 124|0x0000000748000000, 0x0000000748000000, 0x0000000748100000|  0%| F|  |TAMS 0x0000000748000000, 0x0000000748000000| Untracked 
| 125|0x0000000748100000, 0x0000000748100000, 0x0000000748200000|  0%| F|  |TAMS 0x0000000748100000, 0x0000000748100000| Untracked 
| 126|0x0000000748200000, 0x0000000748200000, 0x0000000748300000|  0%| F|  |TAMS 0x0000000748200000, 0x0000000748200000| Untracked 
| 127|0x0000000748300000, 0x0000000748300000, 0x0000000748400000|  0%| F|  |TAMS 0x0000000748300000, 0x0000000748300000| Untracked 
| 128|0x0000000748400000, 0x0000000748400000, 0x0000000748500000|  0%| F|  |TAMS 0x0000000748400000, 0x0000000748400000| Untracked 
| 129|0x0000000748500000, 0x0000000748500000, 0x0000000748600000|  0%| F|  |TAMS 0x0000000748500000, 0x0000000748500000| Untracked 
| 130|0x0000000748600000, 0x0000000748600000, 0x0000000748700000|  0%| F|  |TAMS 0x0000000748600000, 0x0000000748600000| Untracked 
| 131|0x0000000748700000, 0x0000000748700000, 0x0000000748800000|  0%| F|  |TAMS 0x0000000748700000, 0x0000000748700000| Untracked 
| 132|0x0000000748800000, 0x0000000748800000, 0x0000000748900000|  0%| F|  |TAMS 0x0000000748800000, 0x0000000748800000| Untracked 
| 133|0x0000000748900000, 0x0000000748900000, 0x0000000748a00000|  0%| F|  |TAMS 0x0000000748900000, 0x0000000748900000| Untracked 
| 134|0x0000000748a00000, 0x0000000748a00000, 0x0000000748b00000|  0%| F|  |TAMS 0x0000000748a00000, 0x0000000748a00000| Untracked 
| 135|0x0000000748b00000, 0x0000000748b00000, 0x0000000748c00000|  0%| F|  |TAMS 0x0000000748b00000, 0x0000000748b00000| Untracked 
| 136|0x0000000748c00000, 0x0000000748c00000, 0x0000000748d00000|  0%| F|  |TAMS 0x0000000748c00000, 0x0000000748c00000| Untracked 
| 137|0x0000000748d00000, 0x0000000748d00000, 0x0000000748e00000|  0%| F|  |TAMS 0x0000000748d00000, 0x0000000748d00000| Untracked 
| 138|0x0000000748e00000, 0x0000000748e00000, 0x0000000748f00000|  0%| F|  |TAMS 0x0000000748e00000, 0x0000000748e00000| Untracked 
| 139|0x0000000748f00000, 0x0000000748f00000, 0x0000000749000000|  0%| F|  |TAMS 0x0000000748f00000, 0x0000000748f00000| Untracked 
| 140|0x0000000749000000, 0x0000000749000000, 0x0000000749100000|  0%| F|  |TAMS 0x0000000749000000, 0x0000000749000000| Untracked 
| 141|0x0000000749100000, 0x0000000749100000, 0x0000000749200000|  0%| F|  |TAMS 0x0000000749100000, 0x0000000749100000| Untracked 
| 142|0x0000000749200000, 0x0000000749200000, 0x0000000749300000|  0%| F|  |TAMS 0x0000000749200000, 0x0000000749200000| Untracked 
| 143|0x0000000749300000, 0x0000000749300000, 0x0000000749400000|  0%| F|  |TAMS 0x0000000749300000, 0x0000000749300000| Untracked 
| 144|0x0000000749400000, 0x0000000749400000, 0x0000000749500000|  0%| F|  |TAMS 0x0000000749400000, 0x0000000749400000| Untracked 
| 145|0x0000000749500000, 0x0000000749500000, 0x0000000749600000|  0%| F|  |TAMS 0x0000000749500000, 0x0000000749500000| Untracked 
| 146|0x0000000749600000, 0x0000000749600000, 0x0000000749700000|  0%| F|  |TAMS 0x0000000749600000, 0x0000000749600000| Untracked 
| 147|0x0000000749700000, 0x0000000749700000, 0x0000000749800000|  0%| F|  |TAMS 0x0000000749700000, 0x0000000749700000| Untracked 
| 148|0x0000000749800000, 0x0000000749800000, 0x0000000749900000|  0%| F|  |TAMS 0x0000000749800000, 0x0000000749800000| Untracked 
| 149|0x0000000749900000, 0x0000000749900000, 0x0000000749a00000|  0%| F|  |TAMS 0x0000000749900000, 0x0000000749900000| Untracked 
| 150|0x0000000749a00000, 0x0000000749a00000, 0x0000000749b00000|  0%| F|  |TAMS 0x0000000749a00000, 0x0000000749a00000| Untracked 
| 151|0x0000000749b00000, 0x0000000749b00000, 0x0000000749c00000|  0%| F|  |TAMS 0x0000000749b00000, 0x0000000749b00000| Untracked 
| 152|0x0000000749c00000, 0x0000000749c00000, 0x0000000749d00000|  0%| F|  |TAMS 0x0000000749c00000, 0x0000000749c00000| Untracked 
| 153|0x0000000749d00000, 0x0000000749d00000, 0x0000000749e00000|  0%| F|  |TAMS 0x0000000749d00000, 0x0000000749d00000| Untracked 
| 154|0x0000000749e00000, 0x0000000749e00000, 0x0000000749f00000|  0%| F|  |TAMS 0x0000000749e00000, 0x0000000749e00000| Untracked 
| 155|0x0000000749f00000, 0x0000000749f00000, 0x000000074a000000|  0%| F|  |TAMS 0x0000000749f00000, 0x0000000749f00000| Untracked 
| 156|0x000000074a000000, 0x000000074a000000, 0x000000074a100000|  0%| F|  |TAMS 0x000000074a000000, 0x000000074a000000| Untracked 
| 157|0x000000074a100000, 0x000000074a100000, 0x000000074a200000|  0%| F|  |TAMS 0x000000074a100000, 0x000000074a100000| Untracked 
| 158|0x000000074a200000, 0x000000074a200000, 0x000000074a300000|  0%| F|  |TAMS 0x000000074a200000, 0x000000074a200000| Untracked 
| 159|0x000000074a300000, 0x000000074a300000, 0x000000074a400000|  0%| F|  |TAMS 0x000000074a300000, 0x000000074a300000| Untracked 
| 160|0x000000074a400000, 0x000000074a400000, 0x000000074a500000|  0%| F|  |TAMS 0x000000074a400000, 0x000000074a400000| Untracked 
| 161|0x000000074a500000, 0x000000074a500000, 0x000000074a600000|  0%| F|  |TAMS 0x000000074a500000, 0x000000074a500000| Untracked 
| 162|0x000000074a600000, 0x000000074a600000, 0x000000074a700000|  0%| F|  |TAMS 0x000000074a600000, 0x000000074a600000| Untracked 
| 163|0x000000074a700000, 0x000000074a700000, 0x000000074a800000|  0%| F|  |TAMS 0x000000074a700000, 0x000000074a700000| Untracked 
| 164|0x000000074a800000, 0x000000074a800000, 0x000000074a900000|  0%| F|  |TAMS 0x000000074a800000, 0x000000074a800000| Untracked 
| 165|0x000000074a900000, 0x000000074a900000, 0x000000074aa00000|  0%| F|  |TAMS 0x000000074a900000, 0x000000074a900000| Untracked 
| 166|0x000000074aa00000, 0x000000074aa00000, 0x000000074ab00000|  0%| F|  |TAMS 0x000000074aa00000, 0x000000074aa00000| Untracked 
| 167|0x000000074ab00000, 0x000000074ab00000, 0x000000074ac00000|  0%| F|  |TAMS 0x000000074ab00000, 0x000000074ab00000| Untracked 
| 168|0x000000074ac00000, 0x000000074ac00000, 0x000000074ad00000|  0%| F|  |TAMS 0x000000074ac00000, 0x000000074ac00000| Untracked 
| 169|0x000000074ad00000, 0x000000074ad00000, 0x000000074ae00000|  0%| F|  |TAMS 0x000000074ad00000, 0x000000074ad00000| Untracked 
| 170|0x000000074ae00000, 0x000000074ae00000, 0x000000074af00000|  0%| F|  |TAMS 0x000000074ae00000, 0x000000074ae00000| Untracked 
| 171|0x000000074af00000, 0x000000074af00000, 0x000000074b000000|  0%| F|  |TAMS 0x000000074af00000, 0x000000074af00000| Untracked 
| 172|0x000000074b000000, 0x000000074b000000, 0x000000074b100000|  0%| F|  |TAMS 0x000000074b000000, 0x000000074b000000| Untracked 
| 173|0x000000074b100000, 0x000000074b100000, 0x000000074b200000|  0%| F|  |TAMS 0x000000074b100000, 0x000000074b100000| Untracked 
| 174|0x000000074b200000, 0x000000074b200000, 0x000000074b300000|  0%| F|  |TAMS 0x000000074b200000, 0x000000074b200000| Untracked 
| 175|0x000000074b300000, 0x000000074b300000, 0x000000074b400000|  0%| F|  |TAMS 0x000000074b300000, 0x000000074b300000| Untracked 
| 176|0x000000074b400000, 0x000000074b400000, 0x000000074b500000|  0%| F|  |TAMS 0x000000074b400000, 0x000000074b400000| Untracked 
| 177|0x000000074b500000, 0x000000074b500000, 0x000000074b600000|  0%| F|  |TAMS 0x000000074b500000, 0x000000074b500000| Untracked 
| 178|0x000000074b600000, 0x000000074b600000, 0x000000074b700000|  0%| F|  |TAMS 0x000000074b600000, 0x000000074b600000| Untracked 
| 179|0x000000074b700000, 0x000000074b700000, 0x000000074b800000|  0%| F|  |TAMS 0x000000074b700000, 0x000000074b700000| Untracked 
| 180|0x000000074b800000, 0x000000074b800000, 0x000000074b900000|  0%| F|  |TAMS 0x000000074b800000, 0x000000074b800000| Untracked 
| 181|0x000000074b900000, 0x000000074b900000, 0x000000074ba00000|  0%| F|  |TAMS 0x000000074b900000, 0x000000074b900000| Untracked 
| 182|0x000000074ba00000, 0x000000074ba00000, 0x000000074bb00000|  0%| F|  |TAMS 0x000000074ba00000, 0x000000074ba00000| Untracked 
| 183|0x000000074bb00000, 0x000000074bb00000, 0x000000074bc00000|  0%| F|  |TAMS 0x000000074bb00000, 0x000000074bb00000| Untracked 
| 184|0x000000074bc00000, 0x000000074bc00000, 0x000000074bd00000|  0%| F|  |TAMS 0x000000074bc00000, 0x000000074bc00000| Untracked 
| 185|0x000000074bd00000, 0x000000074bd00000, 0x000000074be00000|  0%| F|  |TAMS 0x000000074bd00000, 0x000000074bd00000| Untracked 
| 186|0x000000074be00000, 0x000000074be00000, 0x000000074bf00000|  0%| F|  |TAMS 0x000000074be00000, 0x000000074be00000| Untracked 
| 187|0x000000074bf00000, 0x000000074bf00000, 0x000000074c000000|  0%| F|  |TAMS 0x000000074bf00000, 0x000000074bf00000| Untracked 
| 188|0x000000074c000000, 0x000000074c000000, 0x000000074c100000|  0%| F|  |TAMS 0x000000074c000000, 0x000000074c000000| Untracked 
| 189|0x000000074c100000, 0x000000074c100000, 0x000000074c200000|  0%| F|  |TAMS 0x000000074c100000, 0x000000074c100000| Untracked 
| 190|0x000000074c200000, 0x000000074c200000, 0x000000074c300000|  0%| F|  |TAMS 0x000000074c200000, 0x000000074c200000| Untracked 
| 191|0x000000074c300000, 0x000000074c300000, 0x000000074c400000|  0%| F|  |TAMS 0x000000074c300000, 0x000000074c300000| Untracked 
| 192|0x000000074c400000, 0x000000074c400000, 0x000000074c500000|  0%| F|  |TAMS 0x000000074c400000, 0x000000074c400000| Untracked 
| 193|0x000000074c500000, 0x000000074c500000, 0x000000074c600000|  0%| F|  |TAMS 0x000000074c500000, 0x000000074c500000| Untracked 
| 194|0x000000074c600000, 0x000000074c600000, 0x000000074c700000|  0%| F|  |TAMS 0x000000074c600000, 0x000000074c600000| Untracked 
| 195|0x000000074c700000, 0x000000074c700000, 0x000000074c800000|  0%| F|  |TAMS 0x000000074c700000, 0x000000074c700000| Untracked 
| 196|0x000000074c800000, 0x000000074c800000, 0x000000074c900000|  0%| F|  |TAMS 0x000000074c800000, 0x000000074c800000| Untracked 
| 197|0x000000074c900000, 0x000000074c900000, 0x000000074ca00000|  0%| F|  |TAMS 0x000000074c900000, 0x000000074c900000| Untracked 
| 198|0x000000074ca00000, 0x000000074ca00000, 0x000000074cb00000|  0%| F|  |TAMS 0x000000074ca00000, 0x000000074ca00000| Untracked 
| 199|0x000000074cb00000, 0x000000074cb00000, 0x000000074cc00000|  0%| F|  |TAMS 0x000000074cb00000, 0x000000074cb00000| Untracked 
| 200|0x000000074cc00000, 0x000000074cc00000, 0x000000074cd00000|  0%| F|  |TAMS 0x000000074cc00000, 0x000000074cc00000| Untracked 
| 201|0x000000074cd00000, 0x000000074cd00000, 0x000000074ce00000|  0%| F|  |TAMS 0x000000074cd00000, 0x000000074cd00000| Untracked 
| 202|0x000000074ce00000, 0x000000074ce00000, 0x000000074cf00000|  0%| F|  |TAMS 0x000000074ce00000, 0x000000074ce00000| Untracked 
| 203|0x000000074cf00000, 0x000000074cf00000, 0x000000074d000000|  0%| F|  |TAMS 0x000000074cf00000, 0x000000074cf00000| Untracked 
| 204|0x000000074d000000, 0x000000074d000000, 0x000000074d100000|  0%| F|  |TAMS 0x000000074d000000, 0x000000074d000000| Untracked 
| 205|0x000000074d100000, 0x000000074d100000, 0x000000074d200000|  0%| F|  |TAMS 0x000000074d100000, 0x000000074d100000| Untracked 
| 206|0x000000074d200000, 0x000000074d200000, 0x000000074d300000|  0%| F|  |TAMS 0x000000074d200000, 0x000000074d200000| Untracked 
| 207|0x000000074d300000, 0x000000074d300000, 0x000000074d400000|  0%| F|  |TAMS 0x000000074d300000, 0x000000074d300000| Untracked 
| 208|0x000000074d400000, 0x000000074d400000, 0x000000074d500000|  0%| F|  |TAMS 0x000000074d400000, 0x000000074d400000| Untracked 
| 209|0x000000074d500000, 0x000000074d500000, 0x000000074d600000|  0%| F|  |TAMS 0x000000074d500000, 0x000000074d500000| Untracked 
| 210|0x000000074d600000, 0x000000074d600000, 0x000000074d700000|  0%| F|  |TAMS 0x000000074d600000, 0x000000074d600000| Untracked 
| 211|0x000000074d700000, 0x000000074d700000, 0x000000074d800000|  0%| F|  |TAMS 0x000000074d700000, 0x000000074d700000| Untracked 
| 212|0x000000074d800000, 0x000000074d800000, 0x000000074d900000|  0%| F|  |TAMS 0x000000074d800000, 0x000000074d800000| Untracked 
| 213|0x000000074d900000, 0x000000074d9d40d0, 0x000000074da00000| 82%| E|  |TAMS 0x000000074d900000, 0x000000074d900000| Complete 

Card table byte_map: [0x00000238fad20000,0x00000238fb320000] _byte_map_base: 0x00000238f731e000

Marking Bits (Prev, Next): (CMBitMap*) 0x00000238e2b66988, (CMBitMap*) 0x00000238e2b669c0
 Prev Bits: [0x00000238fb920000, 0x00000238fe910000)
 Next Bits: [0x0000023880000000, 0x0000023882ff0000)

Polling page: 0x00000238e1170000

Metaspace:

Usage:
  Non-class:     17.11 MB capacity,    16.68 MB ( 97%) used,   407.73 KB (  2%) free+waste,    36.88 KB ( <1%) overhead. 
      Class:      2.29 MB capacity,     1.83 MB ( 80%) used,   453.70 KB ( 19%) free+waste,    18.13 KB ( <1%) overhead. 
       Both:     19.40 MB capacity,    18.50 MB ( 95%) used,   861.43 KB (  4%) free+waste,    55.00 KB ( <1%) overhead. 

Virtual space:
  Non-class space:       18.00 MB reserved,      17.75 MB ( 99%) committed 
      Class space:        1.00 GB reserved,       2.63 MB ( <1%) committed 
             Both:        1.02 GB reserved,      20.38 MB (  2%) committed 

Chunk freelists:
   Non-Class:  57.75 KB
       Class:  31.25 KB
        Both:  89.00 KB

CodeHeap 'non-profiled nmethods': size=120064Kb used=1468Kb max_used=1482Kb free=118595Kb
 bounds [0x00000238f29a0000, 0x00000238f2c10000, 0x00000238f9ee0000]
CodeHeap 'profiled nmethods': size=120000Kb used=4300Kb max_used=4337Kb free=115699Kb
 bounds [0x00000238eb470000, 0x00000238eb8c0000, 0x00000238f29a0000]
CodeHeap 'non-nmethods': size=5696Kb used=1334Kb max_used=1390Kb free=4361Kb
 bounds [0x00000238eaee0000, 0x00000238eb150000, 0x00000238eb470000]
 total_blobs=4029 nmethods=2186 adapters=545
 compilation: enabled
              stopped_count=0, restarted_count=0
 full_count=0

Compilation events (10 events):
Event: 3383.855 Thread 0x00000238fface800 nmethod 2623 0x00000238f2aed910 code [0x00000238f2aedb00, 0x00000238f2aee548]
Event: 3384.189 Thread 0x00000238fface800 2624       4       java.awt.geom.AffineTransform::translate (547 bytes)
Event: 3384.191 Thread 0x00000238fface800 nmethod 2624 0x00000238f2b07110 code [0x00000238f2b072e0, 0x00000238f2b07458]
Event: 3386.240 Thread 0x00000238fface800 2625  s    4       sun.java2d.loops.RenderCache::get (100 bytes)
Event: 3386.245 Thread 0x00000238fface800 nmethod 2625 0x00000238f2b06990 code [0x00000238f2b06b40, 0x00000238f2b06f58]
Event: 3389.499 Thread 0x00000238fface800 2626       4       java.util.LinkedList::add (7 bytes)
Event: 3389.506 Thread 0x00000238fface800 nmethod 2626 0x00000238f2b06210 code [0x00000238f2b063a0, 0x00000238f2b068d8]
Event: 3390.857 Thread 0x00000238fface800 2627       4       java.awt.geom.AffineTransform::transform (635 bytes)
Event: 3390.882 Thread 0x00000238fface800 nmethod 2627 0x00000238f2b05490 code [0x00000238f2b05640, 0x00000238f2b05e38]
Event: 3397.502 Thread 0x00000238fface800 2628       4       greenfoot.vmcomm.VMCommsSimulation::readCommands (672 bytes)

GC Heap History (10 events):
Event: 3389.984 GC heap before
{Heap before GC invocations=3236 (full 618):
 garbage-first heap   total 219136K, used 97937K [0x0000000740400000, 0x0000000800000000)
  region size 1024K, 2 young (2048K), 1 survivors (1024K)
 Metaspace       used 18947K, capacity 19864K, committed 20864K, reserved 1067008K
  class space    used 1870K, capacity 2342K, committed 2688K, reserved 1048576K
}
Event: 3389.985 GC heap after
{Heap after GC invocations=3237 (full 618):
 garbage-first heap   total 219136K, used 64147K [0x0000000740400000, 0x0000000800000000)
  region size 1024K, 1 young (1024K), 1 survivors (1024K)
 Metaspace       used 18947K, capacity 19864K, committed 20864K, reserved 1067008K
  class space    used 1870K, capacity 2342K, committed 2688K, reserved 1048576K
}
Event: 3389.986 GC heap before
{Heap before GC invocations=3237 (full 618):
 garbage-first heap   total 219136K, used 67219K [0x0000000740400000, 0x0000000800000000)
  region size 1024K, 1 young (1024K), 1 survivors (1024K)
 Metaspace       used 18947K, capacity 19864K, committed 20864K, reserved 1067008K
  class space    used 1870K, capacity 2342K, committed 2688K, reserved 1048576K
}
Event: 3389.986 GC heap after
{Heap after GC invocations=3238 (full 618):
 garbage-first heap   total 219136K, used 67221K [0x0000000740400000, 0x0000000800000000)
  region size 1024K, 1 young (1024K), 1 survivors (1024K)
 Metaspace       used 18947K, capacity 19864K, committed 20864K, reserved 1067008K
  class space    used 1870K, capacity 2342K, committed 2688K, reserved 1048576K
}
Event: 3390.150 GC heap before
{Heap before GC invocations=3239 (full 618):
 garbage-first heap   total 219136K, used 91797K [0x0000000740400000, 0x0000000800000000)
  region size 1024K, 2 young (2048K), 1 survivors (1024K)
 Metaspace       used 18947K, capacity 19864K, committed 20864K, reserved 1067008K
  class space    used 1870K, capacity 2342K, committed 2688K, reserved 1048576K
}
Event: 3390.161 GC heap after
{Heap after GC invocations=3240 (full 619):
 garbage-first heap   total 219136K, used 64137K [0x0000000740400000, 0x0000000800000000)
  region size 1024K, 0 young (0K), 0 survivors (0K)
 Metaspace       used 18947K, capacity 19864K, committed 20864K, reserved 1067008K
  class space    used 1870K, capacity 2342K, committed 2688K, reserved 1048576K
}
Event: 3390.207 GC heap before
{Heap before GC invocations=3240 (full 619):
 garbage-first heap   total 219136K, used 73353K [0x0000000740400000, 0x0000000800000000)
  region size 1024K, 1 young (1024K), 0 survivors (0K)
 Metaspace       used 18947K, capacity 19864K, committed 20864K, reserved 1067008K
  class space    used 1870K, capacity 2342K, committed 2688K, reserved 1048576K
}
Event: 3390.217 GC heap after
{Heap after GC invocations=3241 (full 620):
 garbage-first heap   total 219136K, used 67209K [0x0000000740400000, 0x0000000800000000)
  region size 1024K, 0 young (0K), 0 survivors (0K)
 Metaspace       used 18947K, capacity 19864K, committed 20864K, reserved 1067008K
  class space    used 1870K, capacity 2342K, committed 2688K, reserved 1048576K
}
Event: 3390.870 GC heap before
{Heap before GC invocations=3241 (full 620):
 garbage-first heap   total 219136K, used 77449K [0x0000000740400000, 0x0000000800000000)
  region size 1024K, 2 young (2048K), 0 survivors (0K)
 Metaspace       used 18947K, capacity 19864K, committed 20864K, reserved 1067008K
  class space    used 1870K, capacity 2342K, committed 2688K, reserved 1048576K
}
Event: 3390.880 GC heap after
{Heap after GC invocations=3242 (full 621):
 garbage-first heap   total 219136K, used 67210K [0x0000000740400000, 0x0000000800000000)
  region size 1024K, 0 young (0K), 0 survivors (0K)
 Metaspace       used 18947K, capacity 19864K, committed 20864K, reserved 1067008K
  class space    used 1870K, capacity 2342K, committed 2688K, reserved 1048576K
}

Deoptimization events (10 events):
Event: 2932.234 Thread 0x0000023886bf7800 Uncommon trap: reason=unstable_if action=reinterpret pc=0x00000238f2a61844 method=greenfoot.gui.input.mouse.MouseEventData.isMouseClickedOn(Ljava/lang/Object;)Z @ 8 c2
Event: 2932.234 Thread 0x0000023886bf7800 Uncommon trap: reason=unstable_if action=reinterpret pc=0x00000238f2a61ffc method=greenfoot.gui.input.mouse.MouseEventData.checkObject(Ljava/lang/Object;Lgreenfoot/MouseInfo;)Z @ 1 c2
Event: 2955.371 Thread 0x0000023886bf7800 Uncommon trap: reason=unstable_if action=reinterpret pc=0x00000238f2ac3b90 method=greenfoot.gui.input.KeyboardManager.clearLatchedKeys()V @ 16 c2
Event: 2967.280 Thread 0x0000023886bf7800 Uncommon trap: reason=unstable_if action=reinterpret pc=0x00000238f2a60004 method=greenfoot.Actor.limitValue(II)I @ 1 c2
Event: 3308.584 Thread 0x0000023886bf7800 Uncommon trap: reason=unstable_if action=reinterpret pc=0x00000238f2a582ac method=greenfoot.vmcomm.VMCommsSimulation.paintRemote(Lgreenfoot/vmcomm/VMCommsSimulation$PaintWhen;)V @ 21 c2
Event: 3316.114 Thread 0x0000023886bf7800 Uncommon trap: reason=unstable_if action=reinterpret pc=0x00000238f2aee3bc method=greenfoot.gui.WorldRenderer.paintObjects(Ljava/awt/Graphics2D;Lgreenfoot/World;)V @ 175 c2
Event: 3316.114 Thread 0x0000023886bf7800 Uncommon trap: reason=unstable_if action=reinterpret pc=0x00000238f2a8640c method=sun.java2d.SurfaceData.validatePipe(Lsun/java2d/SunGraphics2D;)V @ 670 c2
Event: 3316.114 Thread 0x0000023886bf7800 Uncommon trap: reason=unstable_if action=reinterpret pc=0x00000238f2a78d2c method=sun.java2d.pipe.DrawImage.isSimpleTranslate(Lsun/java2d/SunGraphics2D;)Z @ 7 c2
Event: 3316.124 Thread 0x0000023886bf7800 Uncommon trap: reason=unstable_if action=reinterpret pc=0x00000238f2a5a5f4 method=sun.java2d.pipe.DrawImage.isSimpleTranslate(Lsun/java2d/SunGraphics2D;)Z @ 7 c2
Event: 3316.814 Thread 0x0000023886bf5000 Uncommon trap: reason=unstable_if action=reinterpret pc=0x00000238f2b05e48 method=greenfoot.gui.input.mouse.MouseEventData.isMouseDragged()Z @ 4 c2

Classes redefined (0 events):
No events

Internal exceptions (10 events):
Event: 2836.177 Thread 0x0000023886bf5000 Exception <a 'java/security/PrivilegedActionException'{0x0000000749c54188}> (0x0000000749c54188) thrown at [t:/workspace/open/src/hotspot/share/prims/jvm.cpp, line 1307]
Event: 2870.904 Thread 0x0000023886bf5000 Exception <a 'java/security/PrivilegedActionException'{0x00000007498caa50}> (0x00000007498caa50) thrown at [t:/workspace/open/src/hotspot/share/prims/jvm.cpp, line 1307]
Event: 2870.904 Thread 0x0000023886bf5000 Exception <a 'java/security/PrivilegedActionException'{0x00000007498cad20}> (0x00000007498cad20) thrown at [t:/workspace/open/src/hotspot/share/prims/jvm.cpp, line 1307]
Event: 3164.662 Thread 0x0000023886bf5000 Exception <a 'java/security/PrivilegedActionException'{0x000000074acb2248}> (0x000000074acb2248) thrown at [t:/workspace/open/src/hotspot/share/prims/jvm.cpp, line 1307]
Event: 3164.662 Thread 0x0000023886bf5000 Exception <a 'java/security/PrivilegedActionException'{0x000000074acb2518}> (0x000000074acb2518) thrown at [t:/workspace/open/src/hotspot/share/prims/jvm.cpp, line 1307]
Event: 3305.083 Thread 0x0000023886bf5000 Exception <a 'java/security/PrivilegedActionException'{0x000000074a951300}> (0x000000074a951300) thrown at [t:/workspace/open/src/hotspot/share/prims/jvm.cpp, line 1307]
Event: 3305.083 Thread 0x0000023886bf5000 Exception <a 'java/security/PrivilegedActionException'{0x000000074a9515d0}> (0x000000074a9515d0) thrown at [t:/workspace/open/src/hotspot/share/prims/jvm.cpp, line 1307]
Event: 3323.135 Thread 0x0000023886bf7800 Exception <a 'java/lang/InterruptedException'{0x000000074f802be0}: sleep interrupted> (0x000000074f802be0) thrown at [t:/workspace/open/src/hotspot/share/prims/jvm.cpp, line 3117]
Event: 3340.602 Thread 0x0000023886bf5000 Exception <a 'java/security/PrivilegedActionException'{0x000000074d951760}> (0x000000074d951760) thrown at [t:/workspace/open/src/hotspot/share/prims/jvm.cpp, line 1307]
Event: 3340.602 Thread 0x0000023886bf5000 Exception <a 'java/security/PrivilegedActionException'{0x000000074d951a30}> (0x000000074d951a30) thrown at [t:/workspace/open/src/hotspot/share/prims/jvm.cpp, line 1307]

Events (10 events):
Event: 3390.842 Executing VM operation: GetOrSetLocal
Event: 3390.842 Executing VM operation: GetOrSetLocal done
Event: 3390.867 Executing VM operation: G1CollectFull
Event: 3390.881 Executing VM operation: G1CollectFull done
Event: 3390.882 Thread 0x00000238ffadd000 flushing nmethod 0x00000238eb49d010
Event: 3390.883 Thread 0x00000238ffadd000 flushing nmethod 0x00000238eb893b90
Event: 3390.884 Executing VM operation: GetFrameCount
Event: 3390.884 Executing VM operation: GetFrameCount done
Event: 3390.884 Executing VM operation: GetStackTrace
Event: 3390.884 Executing VM operation: GetStackTrace done


Dynamic libraries:
0x00007ff753290000 - 0x00007ff7532d5000 	C:\Program Files\Greenfoot\jdk\bin\java.exe
0x00007ffe79840000 - 0x00007ffe79a30000 	C:\WINDOWS\SYSTEM32\ntdll.dll
0x00007ffe778f0000 - 0x00007ffe779a2000 	C:\WINDOWS\System32\KERNEL32.DLL
0x00007ffe774a0000 - 0x00007ffe77745000 	C:\WINDOWS\System32\KERNELBASE.dll
0x00007ffe77b40000 - 0x00007ffe77cd4000 	C:\WINDOWS\System32\USER32.dll
0x00007ffe76ab0000 - 0x00007ffe76ad1000 	C:\WINDOWS\System32\win32u.dll
0x00007ffe787e0000 - 0x00007ffe78806000 	C:\WINDOWS\System32\GDI32.dll
0x00007ffe76810000 - 0x00007ffe769a8000 	C:\WINDOWS\System32\gdi32full.dll
0x00007ffe77370000 - 0x00007ffe7740e000 	C:\WINDOWS\System32\msvcp_win.dll
0x00007ffe769b0000 - 0x00007ffe76aaa000 	C:\WINDOWS\System32\ucrtbase.dll
0x00007ffe5bdb0000 - 0x00007ffe5c034000 	C:\WINDOWS\WinSxS\amd64_microsoft.windows.common-controls_6595b64144ccf1df_6.0.18362.1316_none_9e7a364fe461dbd7\COMCTL32.dll
0x00007ffe788c0000 - 0x00007ffe7895e000 	C:\WINDOWS\System32\msvcrt.dll
0x00007ffe784a0000 - 0x00007ffe787d7000 	C:\WINDOWS\System32\combase.dll
0x00007ffe78e60000 - 0x00007ffe78f7f000 	C:\WINDOWS\System32\RPCRT4.dll
0x00007ffe77410000 - 0x00007ffe77491000 	C:\WINDOWS\System32\bcryptPrimitives.dll
0x00007ffe78470000 - 0x00007ffe7849e000 	C:\WINDOWS\System32\IMM32.DLL
0x00007ffe74410000 - 0x00007ffe74426000 	C:\Program Files\Greenfoot\jdk\bin\vcruntime140.dll
0x00007ffe2ce30000 - 0x00007ffe2ceda000 	C:\Program Files\Greenfoot\jdk\bin\msvcp140.dll
0x00007ffe1d4b0000 - 0x00007ffe1dfd3000 	C:\Program Files\Greenfoot\jdk\bin\server\jvm.dll
0x00007ffe78960000 - 0x00007ffe78a03000 	C:\WINDOWS\System32\ADVAPI32.dll
0x00007ffe783d0000 - 0x00007ffe78467000 	C:\WINDOWS\System32\sechost.dll
0x00007ffe77f50000 - 0x00007ffe77f58000 	C:\WINDOWS\System32\PSAPI.DLL
0x00007ffe636e0000 - 0x00007ffe636e9000 	C:\WINDOWS\SYSTEM32\WSOCK32.dll
0x00007ffe70d90000 - 0x00007ffe70d9a000 	C:\WINDOWS\SYSTEM32\VERSION.dll
0x00007ffe67e60000 - 0x00007ffe67e84000 	C:\WINDOWS\SYSTEM32\WINMM.dll
0x00007ffe78c30000 - 0x00007ffe78c9f000 	C:\WINDOWS\System32\WS2_32.dll
0x00007ffe67db0000 - 0x00007ffe67ddd000 	C:\WINDOWS\SYSTEM32\winmmbase.dll
0x00007ffe767c0000 - 0x00007ffe7680a000 	C:\WINDOWS\System32\cfgmgr32.dll
0x00007ffe76700000 - 0x00007ffe76711000 	C:\WINDOWS\System32\kernel.appcore.dll
0x00007ffe58870000 - 0x00007ffe58881000 	C:\Program Files\Greenfoot\jdk\bin\verify.dll
0x00007ffe74f50000 - 0x00007ffe75144000 	C:\WINDOWS\SYSTEM32\DBGHELP.DLL
0x00007ffe70b60000 - 0x00007ffe70b8a000 	C:\WINDOWS\SYSTEM32\dbgcore.DLL
0x00007ffe577d0000 - 0x00007ffe577f8000 	C:\Program Files\Greenfoot\jdk\bin\java.dll
0x00007ffe4f190000 - 0x00007ffe4f1c7000 	C:\Program Files\Greenfoot\jdk\bin\jdwp.dll
0x00007ffe577b0000 - 0x00007ffe577c6000 	C:\Program Files\Greenfoot\jdk\bin\zip.dll
0x00007ffe626a0000 - 0x00007ffe626aa000 	C:\Program Files\Greenfoot\jdk\bin\jimage.dll
0x00007ffe78f80000 - 0x00007ffe79668000 	C:\WINDOWS\System32\SHELL32.dll
0x00007ffe78b80000 - 0x00007ffe78c27000 	C:\WINDOWS\System32\shcore.dll
0x00007ffe76b90000 - 0x00007ffe7730b000 	C:\WINDOWS\System32\windows.storage.dll
0x00007ffe76740000 - 0x00007ffe76763000 	C:\WINDOWS\System32\profapi.dll
0x00007ffe76770000 - 0x00007ffe767ba000 	C:\WINDOWS\System32\powrprof.dll
0x00007ffe766f0000 - 0x00007ffe76700000 	C:\WINDOWS\System32\UMPDC.dll
0x00007ffe79740000 - 0x00007ffe79792000 	C:\WINDOWS\System32\shlwapi.dll
0x00007ffe77780000 - 0x00007ffe77797000 	C:\WINDOWS\System32\cryptsp.dll
0x00007ffe62670000 - 0x00007ffe6267b000 	C:\Program Files\Greenfoot\jdk\bin\dt_shmem.dll
0x00007ffe55430000 - 0x00007ffe55449000 	C:\Program Files\Greenfoot\jdk\bin\net.dll
0x00007ffe6ff60000 - 0x00007ffe70050000 	C:\WINDOWS\SYSTEM32\WINHTTP.dll
0x00007ffe64ae0000 - 0x00007ffe64cb6000 	C:\WINDOWS\SYSTEM32\urlmon.dll
0x00007ffe64830000 - 0x00007ffe64ad7000 	C:\WINDOWS\SYSTEM32\iertutil.dll
0x00007ffe760a0000 - 0x00007ffe760ac000 	C:\WINDOWS\SYSTEM32\CRYPTBASE.DLL
0x00007ffe75ed0000 - 0x00007ffe75f37000 	C:\WINDOWS\system32\mswsock.dll
0x00007ffe52f60000 - 0x00007ffe52f73000 	C:\Program Files\Greenfoot\jdk\bin\nio.dll
0x00007ffe2c080000 - 0x00007ffe2c21e000 	C:\Program Files\Greenfoot\jdk\bin\awt.dll
0x00007ffe77e20000 - 0x00007ffe77ee5000 	C:\WINDOWS\System32\OLEAUT32.dll
0x00007ffe555f0000 - 0x00007ffe55bb0000 	C:\WINDOWS\SYSTEM32\d2d1.dll
0x00007ffe747e0000 - 0x00007ffe7486f000 	C:\WINDOWS\SYSTEM32\apphelp.dll
0x00007ffe74a40000 - 0x00007ffe74ad9000 	C:\WINDOWS\system32\uxtheme.dll
0x00007ffe77ce0000 - 0x00007ffe77e15000 	C:\WINDOWS\System32\MSCTF.dll
0x00007ffe78a20000 - 0x00007ffe78b77000 	C:\WINDOWS\System32\ole32.dll
0x00007ffe74c00000 - 0x00007ffe74c2d000 	C:\WINDOWS\system32\DWMAPI.DLL
0x00007ffe42d70000 - 0x00007ffe42ec6000 	C:\WINDOWS\system32\opengl32.dll
0x00007ffe4f8c0000 - 0x00007ffe4f8ec000 	C:\WINDOWS\SYSTEM32\GLU32.dll
0x00007ffe75540000 - 0x00007ffe75560000 	C:\WINDOWS\SYSTEM32\dxcore.dll
0x00007ffe43280000 - 0x00007ffe43447000 	C:\WINDOWS\system32\d3d9.dll
0x00007ffe73180000 - 0x00007ffe7335b000 	C:\WINDOWS\System32\DriverStore\FileRepository\u0359160.inf_amd64_2abe2598d9a3141f\B358802\aticfx64.dll
0x00007ffe4a1d0000 - 0x00007ffe4a203000 	C:\WINDOWS\System32\DriverStore\FileRepository\u0359160.inf_amd64_2abe2598d9a3141f\B358802\atiu9p64.dll
0x00007ffe28360000 - 0x00007ffe29038000 	C:\WINDOWS\System32\DriverStore\FileRepository\u0359160.inf_amd64_2abe2598d9a3141f\B358802\atiumd64.dll
0x00000000663a0000 - 0x000000006722e000 	C:\WINDOWS\System32\DriverStore\FileRepository\u0359160.inf_amd64_2abe2598d9a3141f\B358802\atiumd6a.dll
0x00007ffe741c0000 - 0x00007ffe741ef000 	C:\WINDOWS\SYSTEM32\amdihk64.dll
0x00007ffe75a50000 - 0x00007ffe75a83000 	C:\WINDOWS\system32\rsaenh.dll
0x00007ffe77750000 - 0x00007ffe77776000 	C:\WINDOWS\System32\bcrypt.dll
0x00007ffe76610000 - 0x00007ffe76635000 	C:\WINDOWS\SYSTEM32\USERENV.dll
0x00007ffe75be0000 - 0x00007ffe75c1a000 	C:\WINDOWS\SYSTEM32\IPHLPAPI.DLL
0x00007ffe78a10000 - 0x00007ffe78a18000 	C:\WINDOWS\System32\NSI.dll
0x00007ffe6ff40000 - 0x00007ffe6ff56000 	C:\WINDOWS\SYSTEM32\dhcpcsvc6.DLL
0x00007ffe6ff20000 - 0x00007ffe6ff3c000 	C:\WINDOWS\SYSTEM32\dhcpcsvc.DLL
0x00007ffe75c20000 - 0x00007ffe75ceb000 	C:\WINDOWS\SYSTEM32\DNSAPI.dll
0x0000023885d10000 - 0x0000023885d13000 	C:\Program Files\Greenfoot\lib\javafx\bin\api-ms-win-core-console-l1-1-0.dll
0x0000023885e30000 - 0x0000023885e33000 	C:\Program Files\Greenfoot\lib\javafx\bin\api-ms-win-core-datetime-l1-1-0.dll
0x000002388b880000 - 0x000002388b883000 	C:\Program Files\Greenfoot\lib\javafx\bin\api-ms-win-core-debug-l1-1-0.dll
0x000002388b890000 - 0x000002388b893000 	C:\Program Files\Greenfoot\lib\javafx\bin\api-ms-win-core-errorhandling-l1-1-0.dll
0x000002388b8a0000 - 0x000002388b8a4000 	C:\Program Files\Greenfoot\lib\javafx\bin\api-ms-win-core-file-l1-1-0.dll
0x000002388b8b0000 - 0x000002388b8b3000 	C:\Program Files\Greenfoot\lib\javafx\bin\api-ms-win-core-file-l1-2-0.dll
0x000002388b8c0000 - 0x000002388b8c3000 	C:\Program Files\Greenfoot\lib\javafx\bin\api-ms-win-core-file-l2-1-0.dll
0x000002388b8d0000 - 0x000002388b8d3000 	C:\Program Files\Greenfoot\lib\javafx\bin\api-ms-win-core-handle-l1-1-0.dll
0x000002388b8e0000 - 0x000002388b8e3000 	C:\Program Files\Greenfoot\lib\javafx\bin\api-ms-win-core-heap-l1-1-0.dll
0x000002388b8f0000 - 0x000002388b8f3000 	C:\Program Files\Greenfoot\lib\javafx\bin\api-ms-win-core-interlocked-l1-1-0.dll
0x000002388b900000 - 0x000002388b903000 	C:\Program Files\Greenfoot\lib\javafx\bin\api-ms-win-core-libraryloader-l1-1-0.dll
0x000002388b910000 - 0x000002388b913000 	C:\Program Files\Greenfoot\lib\javafx\bin\api-ms-win-core-localization-l1-2-0.dll
0x000002388b920000 - 0x000002388b923000 	C:\Program Files\Greenfoot\lib\javafx\bin\api-ms-win-core-memory-l1-1-0.dll
0x000002388b930000 - 0x000002388b933000 	C:\Program Files\Greenfoot\lib\javafx\bin\api-ms-win-core-namedpipe-l1-1-0.dll
0x000002388b940000 - 0x000002388b943000 	C:\Program Files\Greenfoot\lib\javafx\bin\api-ms-win-core-processenvironment-l1-1-0.dll
0x000002388b950000 - 0x000002388b953000 	C:\Program Files\Greenfoot\lib\javafx\bin\api-ms-win-core-processthreads-l1-1-0.dll
0x000002388b960000 - 0x000002388b963000 	C:\Program Files\Greenfoot\lib\javafx\bin\api-ms-win-core-processthreads-l1-1-1.dll
0x000002388b970000 - 0x000002388b973000 	C:\Program Files\Greenfoot\lib\javafx\bin\api-ms-win-core-profile-l1-1-0.dll
0x000002388b980000 - 0x000002388b983000 	C:\Program Files\Greenfoot\lib\javafx\bin\api-ms-win-core-rtlsupport-l1-1-0.dll
0x000002388b990000 - 0x000002388b993000 	C:\Program Files\Greenfoot\lib\javafx\bin\api-ms-win-core-string-l1-1-0.dll
0x000002388b9a0000 - 0x000002388b9a3000 	C:\Program Files\Greenfoot\lib\javafx\bin\api-ms-win-core-synch-l1-1-0.dll
0x000002388b9b0000 - 0x000002388b9b3000 	C:\Program Files\Greenfoot\lib\javafx\bin\api-ms-win-core-synch-l1-2-0.dll
0x000002388b9c0000 - 0x000002388b9c3000 	C:\Program Files\Greenfoot\lib\javafx\bin\api-ms-win-core-sysinfo-l1-1-0.dll
0x000002388b9d0000 - 0x000002388b9d3000 	C:\Program Files\Greenfoot\lib\javafx\bin\api-ms-win-core-timezone-l1-1-0.dll
0x000002388b9e0000 - 0x000002388b9e3000 	C:\Program Files\Greenfoot\lib\javafx\bin\api-ms-win-core-util-l1-1-0.dll
0x000002388b9f0000 - 0x000002388b9f3000 	C:\Program Files\Greenfoot\lib\javafx\bin\api-ms-win-crt-conio-l1-1-0.dll
0x000002388ba00000 - 0x000002388ba04000 	C:\Program Files\Greenfoot\lib\javafx\bin\api-ms-win-crt-convert-l1-1-0.dll
0x000002388ba10000 - 0x000002388ba13000 	C:\Program Files\Greenfoot\lib\javafx\bin\api-ms-win-crt-environment-l1-1-0.dll
0x000002388ba20000 - 0x000002388ba23000 	C:\Program Files\Greenfoot\lib\javafx\bin\api-ms-win-crt-filesystem-l1-1-0.dll
0x000002388ba30000 - 0x000002388ba33000 	C:\Program Files\Greenfoot\lib\javafx\bin\api-ms-win-crt-heap-l1-1-0.dll
0x000002388ba40000 - 0x000002388ba43000 	C:\Program Files\Greenfoot\lib\javafx\bin\api-ms-win-crt-locale-l1-1-0.dll
0x000002388ba50000 - 0x000002388ba55000 	C:\Program Files\Greenfoot\lib\javafx\bin\api-ms-win-crt-math-l1-1-0.dll
0x000002388ba60000 - 0x000002388ba65000 	C:\Program Files\Greenfoot\lib\javafx\bin\api-ms-win-crt-multibyte-l1-1-0.dll
0x000002388ba70000 - 0x000002388ba80000 	C:\Program Files\Greenfoot\lib\javafx\bin\api-ms-win-crt-private-l1-1-0.dll
0x000002388ba80000 - 0x000002388ba83000 	C:\Program Files\Greenfoot\lib\javafx\bin\api-ms-win-crt-process-l1-1-0.dll
0x000002388ba90000 - 0x000002388ba94000 	C:\Program Files\Greenfoot\lib\javafx\bin\api-ms-win-crt-runtime-l1-1-0.dll
0x000002388baa0000 - 0x000002388baa4000 	C:\Program Files\Greenfoot\lib\javafx\bin\api-ms-win-crt-stdio-l1-1-0.dll
0x000002388bab0000 - 0x000002388bab4000 	C:\Program Files\Greenfoot\lib\javafx\bin\api-ms-win-crt-string-l1-1-0.dll
0x000002388bac0000 - 0x000002388bac3000 	C:\Program Files\Greenfoot\lib\javafx\bin\api-ms-win-crt-time-l1-1-0.dll
0x000002388bad0000 - 0x000002388bad3000 	C:\Program Files\Greenfoot\lib\javafx\bin\api-ms-win-crt-utility-l1-1-0.dll
0x00007ffe2c9a0000 - 0x00007ffe2ca9a000 	C:\Program Files\Greenfoot\lib\javafx\bin\ucrtbase.dll
0x00007ffe4ff40000 - 0x00007ffe4ff56000 	C:\Program Files\Greenfoot\lib\javafx\bin\vcruntime140.dll
0x00007ffe2c8f0000 - 0x00007ffe2c996000 	C:\Program Files\Greenfoot\lib\javafx\bin\msvcp140.dll
0x00007ffe2cdc0000 - 0x00007ffe2ce11000 	C:\Program Files\Greenfoot\lib\javafx\bin\concrt140.dll
0x00007ffe4f5f0000 - 0x00007ffe4f613000 	C:\Program Files\Greenfoot\lib\javafx\bin\prism_d3d.dll
0x00007ffe47440000 - 0x00007ffe47485000 	C:\Program Files\Greenfoot\lib\javafx\bin\glass.dll
0x00007ffe79670000 - 0x00007ffe79740000 	C:\WINDOWS\System32\COMDLG32.dll
0x00007ffe4f150000 - 0x00007ffe4f162000 	C:\Program Files\Greenfoot\jdk\bin\jsound.dll
0x00007ffe2bfe0000 - 0x00007ffe2c079000 	C:\WINDOWS\SYSTEM32\DSOUND.dll
0x00007ffe78810000 - 0x00007ffe788b2000 	C:\WINDOWS\System32\clbcatq.dll
0x00007ffe70ab0000 - 0x00007ffe70b22000 	C:\WINDOWS\System32\MMDevApi.dll

dbghelp: loaded successfully - version: 4.0.5 - missing functions: none
symbol engine: initialized successfully - sym options: 0x614 - pdb path: .;C:\Program Files\Greenfoot\jdk\bin;C:\WINDOWS\SYSTEM32;C:\WINDOWS\WinSxS\amd64_microsoft.windows.common-controls_6595b64144ccf1df_6.0.18362.1316_none_9e7a364fe461dbd7;C:\Program Files\Greenfoot\jdk\bin\server;C:\WINDOWS\System32\DriverStore\FileRepository\u0359160.inf_amd64_2abe2598d9a3141f\B358802;C:\Program Files\Greenfoot\lib\javafx\bin

VM Arguments:
jvm_args: -XX:MaxGCPauseMillis=50 -agentlib:jdwp=transport=dt_shmem,address=javadebug -Dfile.encoding=UTF-8 
java_command: bluej.runtime.ExecServer UTF-8
java_class_path (initial): C:\Program Files\Greenfoot\lib\extensions\greenfoot.jar;C:\Program Files\Greenfoot\lib\bluejcore.jar;C:\Program Files\Greenfoot\lib\bluejeditor.jar;C:\Program Files\Greenfoot\lib\bluejext.jar;C:\Program Files\Greenfoot\lib\junit-4.11.jar;C:\Program Files\Greenfoot\lib\hamcrest-core-1.3.jar;C:\Program Files\Greenfoot\lib\bluej.jar;C:\Program Files\Greenfoot\lib\classgraph-4.2.6.jar;C:\Program Files\Greenfoot\lib\diffutils-1.2.1.jar;C:\Program Files\Greenfoot\lib\commons-logging-api-1.1.2.jar;C:\Program Files\Greenfoot\lib\jl1.0.1.jar;C:\Program Files\Greenfoot\lib\opencsv-2.3.jar;C:\Program Files\Greenfoot\lib\xom-1.2.9.jar;C:\Program Files\Greenfoot\lib\lang-stride.jar;C:\Program Files\Greenfoot\lib\nsmenufx-2.1.4.jar;C:\Program Files\Greenfoot\lib\richtextfx-fat-0.9.0.jar;C:\Program Files\Greenfoot\lib\guava-17.0.jar;C:\Program Files\Greenfoot\lib\httpclient-4.1.1.jar;C:\Program Files\Greenfoot\lib\httpcore-4.1.jar;C:\Program Files\Greenfoot\lib\httpmime-4.1.1.jar;C:\Program Files\Greenfoot\lib\javafx\lib\javafx.base.jar;C:\Program Files\Greenfoot\lib\javafx\lib\javafx.controls.jar;C:\Program Files\Greenfoot\lib\javafx\lib\javafx.fxml.jar;C:\Program Files\Greenfoot\lib\javafx\lib\javafx.graphics.jar;C:\Program Files\Greenfoot\lib\javafx\lib\javafx.media.jar;C:\Program Files\Greenfoot\lib\javafx\lib\javafx.properties.jar;C:\Program Files\Greenfoot\lib\javafx\lib\javafx.swing.jar;C:\Program Files\Greenfoot\lib\javafx\lib\javafx.web.jar;C:\Program Files\Greenfoot\lib\javafx\lib\javafx.base.jar;C:\Program Files\Greenfoot\lib\javafx\lib\javafx.controls.jar;C:\Program Files\Greenfoot\lib\javafx\lib\javafx.fxml.jar;C:\Program Files\Greenfoot\lib\javafx\lib\javafx.graphics.jar;C:\Program Files\Greenfoot\lib\javafx\lib\javafx.media.jar;C:\Program Files\Greenfoot\lib\javafx\lib\javafx.properties.jar;C:\Program Files\Greenfoot\lib\javafx\lib\javafx.swing.jar;C:\Program Files\Greenfoot\lib\javafx\lib\javafx.web.jar
Launcher Type: SUN_STANDARD

[Global flags]
     intx CICompilerCount                          = 3                                         {product} {ergonomic}
     uint ConcGCThreads                            = 2                                         {product} {ergonomic}
     uint G1ConcRefinementThreads                  = 6                                         {product} {ergonomic}
   size_t G1HeapRegionSize                         = 1048576                                   {product} {ergonomic}
    uintx GCDrainStackTargetSize                   = 64                                        {product} {ergonomic}
   size_t InitialHeapSize                          = 201326592                                 {product} {ergonomic}
   size_t MarkStackSize                            = 4194304                                   {product} {ergonomic}
    uintx MaxGCPauseMillis                         = 50                                        {product} {command line}
   size_t MaxHeapSize                              = 3217031168                                {product} {ergonomic}
   size_t MaxNewSize                               = 1929379840                                {product} {ergonomic}
   size_t MinHeapDeltaBytes                        = 1048576                                   {product} {ergonomic}
    uintx NonNMethodCodeHeapSize                   = 5830092                                {pd product} {ergonomic}
    uintx NonProfiledCodeHeapSize                  = 122914074                              {pd product} {ergonomic}
    uintx ProfiledCodeHeapSize                     = 122914074                              {pd product} {ergonomic}
    uintx ReservedCodeCacheSize                    = 251658240                              {pd product} {ergonomic}
     bool SegmentedCodeCache                       = true                                      {product} {ergonomic}
     bool UseCompressedClassPointers               = true                                 {lp64_product} {ergonomic}
     bool UseCompressedOops                        = true                                 {lp64_product} {ergonomic}
     bool UseG1GC                                  = true                                      {product} {ergonomic}
     bool UseLargePagesIndividualAllocation        = false                                  {pd product} {ergonomic}

Logging:
Log output configuration:
 #0: stdout all=warning uptime,level,tags
 #1: stderr all=off uptime,level,tags

Environment Variables:
PATH=C:\Program Files (x86)\NVIDIA Corporation\PhysX\Common;C:\Program Files (x86)\Common Files\Oracle\Java\javapath;C:\WINDOWS\system32;C:\WINDOWS;C:\WINDOWS\System32\Wbem;C:\WINDOWS\System32\WindowsPowerShell\v1.0\;C:\Program Files (x86)\AMD\ATI.ACE\Core-Static;C:\WINDOWS\System32\OpenSSH\;C:\MinGW\bin;C:\Program Files (x86)\dotnet\;C:\Program Files\dotnet\;C:\Program Files\nodejs\;C:\Program Files\Microsoft SQL Server\Client SDK\ODBC\110\Tools\Binn\;C:\Program Files (x86)\Microsoft SQL Server\120\Tools\Binn\;C:\Program Files\Microsoft SQL Server\120\Tools\Binn\;C:\Program Files\Microsoft SQL Server\120\DTS\Binn\;C:\Program Files (x86)\Windows Kits\8.1\Windows Performance Toolkit\;C:\Program Files (x86)\Microsoft SQL Server\130\Tools\Binn\;C:\Program Files\Microsoft SQL Server\130\Tools\Binn\;C:\Program Files (x86)\Microsoft SQL Server\130\DTS\Binn\;C:\Program Files\Microsoft SQL Server\130\DTS\Binn\;C:\Program Files\Microsoft SQL Server\Client SDK\ODBC\130\Tools\Binn\;C:\Users\George\AppData\Local\Programs\Python\Python39\Scripts\;C:\Users\George\AppData\Local\Programs\Python\Python39\;C:\Users\George\AppData\Local\Microsoft\WindowsApps;C:\OJI\FP\bin\i386-Win32;C:\OJI\FP\bin\i386-Win32;C:\Users\George\AppData\Local\Programs\Microsoft VS Code\bin;C:\MinGW\bin;C:\OJI\FP\bin\i386-Win32;C:\OJI\FP\bin\i386-Win32;C:\OJI\FP\bin\i386-Win32;C:\Users\George\AppData\Roaming\npm;C:\php;C:\OJI\FP\bin\i386-Win32;C:\Program Files\JetBrains\IntelliJ IDEA Community Edition 2020.2.3\bin;;C:\Users\George\AppData\Local\GitHubDesktop\bin
USERNAME=George
OS=Windows_NT
PROCESSOR_IDENTIFIER=AMD64 Family 21 Model 2 Stepping 0, AuthenticAMD



---------------  S Y S T E M  ---------------

OS: Windows 10 , 64 bit Build 18362 (10.0.18362.1316)

CPU:total 6 (initial active 6) (6 cores per cpu, 1 threads per core) family 21 model 2 stepping 0, cmov, cx8, fxsr, mmx, sse, sse2, sse3, ssse3, sse4.1, sse4.2, popcnt, avx, aes, clmul, mmxext, 3dnowpref, lzcnt, sse4a, tsc, tscinvbit, tscinv, bmi1, fma

Memory: 4k page, system-wide physical 12271M (3768M free)
TotalPageFile size 16367M (AvailPageFile size 0M)
current process WorkingSet (physical memory assigned to process): 225M, peak: 233M
current process commit charge ("private bytes"): 369M, peak: 425M

vm_info: OpenJDK 64-Bit Server VM (11.0.2+9) for windows-amd64 JRE (11.0.2+9), built on Jan 18 2019 05:23:22 by "mach5one" with MS VC++ 15.5 (VS2017)

END.
